build/app/outputs/mapping/r8/release/mapping.txt
# compiler: R8
# compiler_version: 1.2.49
# min_api: 16
com.example.day14.MainActivity -> com.example.day14.MainActivity:
...
io.flutter.embedding.engine.loader.FlutterLoader -> io.flutter.embedding.engine.b.a:
    boolean initialized -> j
    io.flutter.embedding.engine.loader.FlutterLoader$Settings settings -> l
    io.flutter.embedding.engine.loader.ResourceExtractor resourceExtractor -> k
    java.lang.String aotSharedLibraryName -> f
    java.lang.String flutterAssetsDir -> i
    java.lang.String isolateSnapshotData -> h
    java.lang.String vmSnapshotData -> g
    io.flutter.embedding.engine.loader.FlutterLoader instance -> e
    java.lang.String PUBLIC_AOT_SHARED_LIBRARY_NAME -> a
    java.lang.String PUBLIC_FLUTTER_ASSETS_DIR_KEY -> d
    java.lang.String PUBLIC_ISOLATE_SNAPSHOT_DATA_KEY -> c
    java.lang.String PUBLIC_VM_SNAPSHOT_DATA_KEY -> b
    android.content.pm.ApplicationInfo getApplicationInfo(android.content.Context) -> b
    io.flutter.embedding.engine.loader.FlutterLoader getInstance() -> a
    void initConfig(android.content.Context) -> c
    void initResources(android.content.Context) -> d
    java.lang.String findAppBundlePath() -> b
    void ensureInitializationComplete(android.content.Context,java.lang.String[]) -> a
    void startInitialization(android.content.Context) -> a
    void startInitialization(android.content.Context,io.flutter.embedding.engine.loader.FlutterLoader$Settings) -> a
io.flutter.embedding.engine.loader.FlutterLoader$Settings -> io.flutter.embedding.engine.b.a$a:
    java.lang.String logTag -> a
    java.lang.String getLogTag() -> a
io.flutter.embedding.engine.loader.ResourceCleaner -> io.flutter.embedding.engine.b.d:
    android.content.Context mContext -> a
    void start() -> a
io.flutter.embedding.engine.loader.ResourceCleaner$1 -> io.flutter.embedding.engine.b.b:
    io.flutter.embedding.engine.loader.ResourceCleaner this$0 -> a
io.flutter.embedding.engine.loader.ResourceCleaner$2 -> io.flutter.embedding.engine.b.c:
    io.flutter.embedding.engine.loader.ResourceCleaner this$0 -> b
    io.flutter.embedding.engine.loader.ResourceCleaner$CleanTask val$task -> a
io.flutter.embedding.engine.loader.ResourceCleaner$CleanTask -> io.flutter.embedding.engine.b.d$a:
    java.io.File[] mFilesToDelete -> a
    void deleteRecursively(java.io.File) -> a
    boolean hasFilesToDelete() -> a
    java.lang.Void doInBackground(java.lang.Void[]) -> a
io.flutter.embedding.engine.loader.ResourceExtractor -> io.flutter.embedding.engine.b.e:
    java.lang.String[] SUPPORTED_ABIS -> a
    java.lang.String[] getSupportedAbis() -> b
    void waitForCompletion() -> a
io.flutter.embedding.engine.plugins.FlutterPlugin -> io.flutter.embedding.engine.c.a:
io.flutter.embedding.engine.plugins.lifecycle.HiddenLifecycleReference -> io.flutter.embedding.engine.plugins.lifecycle.HiddenLifecycleReference:
io.flutter.embedding.engine.renderer.FlutterRenderer -> io.flutter.embedding.engine.d.c:
    boolean isDisplayingFlutterUi -> c
    io.flutter.embedding.engine.FlutterJNI flutterJNI -> a
    io.flutter.embedding.engine.renderer.FlutterUiDisplayListener flutterUiDisplayListener -> d
    java.util.concurrent.atomic.AtomicLong nextTextureId -> b
    boolean access$002(io.flutter.embedding.engine.renderer.FlutterRenderer,boolean) -> a
    void access$300(io.flutter.embedding.engine.renderer.FlutterRenderer,long) -> a
    void access$400(io.flutter.embedding.engine.renderer.FlutterRenderer,long) -> b
    void markTextureFrameAvailable(long) -> a
    void registerTexture(long,android.graphics.SurfaceTexture) -> a
    void unregisterTexture(long) -> b
    io.flutter.view.TextureRegistry$SurfaceTextureEntry createSurfaceTexture() -> a
    void dispatchPointerDataPacket(java.nio.ByteBuffer,int) -> a
io.flutter.embedding.engine.renderer.FlutterRenderer$1 -> io.flutter.embedding.engine.d.a:
    io.flutter.embedding.engine.renderer.FlutterRenderer this$0 -> a
    void onFlutterUiDisplayed() -> b
    void onFlutterUiNoLongerDisplayed() -> a